Performing C SOURCE FILE Test CMAKE_HAVE_LIBC_PTHREAD failed with the following output:
Change Dir: /home/loganj/Projects/C++_Projects/Ratvar/cmake-build-debug/CMakeFiles/CMakeTmp

Run Build Command(s):/usr/bin/gmake cmTC_06d6a/fast && /usr/bin/gmake  -f CMakeFiles/cmTC_06d6a.dir/build.make CMakeFiles/cmTC_06d6a.dir/build
gmake[1]: Entering directory '/home/loganj/Projects/C++_Projects/Ratvar/cmake-build-debug/CMakeFiles/CMakeTmp'
Building C object CMakeFiles/cmTC_06d6a.dir/src.c.o
/usr/lib64/ccache/cc   -DCMAKE_HAVE_LIBC_PTHREAD   -o CMakeFiles/cmTC_06d6a.dir/src.c.o   -c /home/loganj/Projects/C++_Projects/Ratvar/cmake-build-debug/CMakeFiles/CMakeTmp/src.c
Linking C executable cmTC_06d6a
/home/loganj/.local/share/JetBrains/Toolbox/apps/CLion/ch-0/203.7717.62/bin/cmake/linux/bin/cmake -E cmake_link_script CMakeFiles/cmTC_06d6a.dir/link.txt --verbose=1
/usr/lib64/ccache/cc  -DCMAKE_HAVE_LIBC_PTHREAD    -rdynamic CMakeFiles/cmTC_06d6a.dir/src.c.o  -o cmTC_06d6a 
/usr/bin/ld: CMakeFiles/cmTC_06d6a.dir/src.c.o: in function `main':
src.c:(.text+0x2d): undefined reference to `pthread_create'
/usr/bin/ld: src.c:(.text+0x39): undefined reference to `pthread_detach'
/usr/bin/ld: src.c:(.text+0x45): undefined reference to `pthread_cancel'
/usr/bin/ld: src.c:(.text+0x56): undefined reference to `pthread_join'
collect2: error: ld returned 1 exit status
gmake[1]: *** [CMakeFiles/cmTC_06d6a.dir/build.make:107: cmTC_06d6a] Error 1
gmake[1]: Leaving directory '/home/loganj/Projects/C++_Projects/Ratvar/cmake-build-debug/CMakeFiles/CMakeTmp'
gmake: *** [Makefile:141: cmTC_06d6a/fast] Error 2


Source file was:
#include <pthread.h>

void* test_func(void* data)
{
  return data;
}

int main(void)
{
  pthread_t thread;
  pthread_create(&thread, NULL, test_func, NULL);
  pthread_detach(thread);
  pthread_cancel(thread);
  pthread_join(thread, NULL);
  pthread_atfork(NULL, NULL, NULL);
  pthread_exit(NULL);

  return 0;
}

Determining if the function pthread_create exists in the pthreads failed with the following output:
Change Dir: /home/loganj/Projects/C++_Projects/Ratvar/cmake-build-debug/CMakeFiles/CMakeTmp

Run Build Command(s):/usr/bin/gmake cmTC_5cbef/fast && /usr/bin/gmake  -f CMakeFiles/cmTC_5cbef.dir/build.make CMakeFiles/cmTC_5cbef.dir/build
gmake[1]: Entering directory '/home/loganj/Projects/C++_Projects/Ratvar/cmake-build-debug/CMakeFiles/CMakeTmp'
Building C object CMakeFiles/cmTC_5cbef.dir/CheckFunctionExists.c.o
/usr/lib64/ccache/cc   -DCHECK_FUNCTION_EXISTS=pthread_create   -o CMakeFiles/cmTC_5cbef.dir/CheckFunctionExists.c.o   -c /home/loganj/.local/share/JetBrains/Toolbox/apps/CLion/ch-0/203.7717.62/bin/cmake/linux/share/cmake-3.17/Modules/CheckFunctionExists.c
Linking C executable cmTC_5cbef
/home/loganj/.local/share/JetBrains/Toolbox/apps/CLion/ch-0/203.7717.62/bin/cmake/linux/bin/cmake -E cmake_link_script CMakeFiles/cmTC_5cbef.dir/link.txt --verbose=1
/usr/lib64/ccache/cc  -DCHECK_FUNCTION_EXISTS=pthread_create    -rdynamic CMakeFiles/cmTC_5cbef.dir/CheckFunctionExists.c.o  -o cmTC_5cbef  -lpthreads 
/usr/bin/ld: cannot find -lpthreads
collect2: error: ld returned 1 exit status
gmake[1]: *** [CMakeFiles/cmTC_5cbef.dir/build.make:107: cmTC_5cbef] Error 1
gmake[1]: Leaving directory '/home/loganj/Projects/C++_Projects/Ratvar/cmake-build-debug/CMakeFiles/CMakeTmp'
gmake: *** [Makefile:141: cmTC_5cbef/fast] Error 2



